#
# There is insufficient memory for the Java Runtime Environment to continue.
# Native memory allocation (malloc) failed to allocate 1995696 bytes for Chunk::new
# Possible reasons:
#   The system is out of physical RAM or swap space
#   The process is running with CompressedOops enabled, and the Java Heap may be blocking the growth of the native heap
# Possible solutions:
#   Reduce memory load on the system
#   Increase physical memory or swap space
#   Check if swap backing store is full
#   Decrease Java heap size (-Xmx/-Xms)
#   Decrease number of Java threads
#   Decrease Java thread stack sizes (-Xss)
#   Set larger code cache with -XX:ReservedCodeCacheSize=
#   JVM is running with Unscaled Compressed Oops mode in which the Java heap is
#     placed in the first 4GB address space. The Java Heap base address is the
#     maximum limit for the native heap growth. Please use -XX:HeapBaseMinAddress
#     to set the Java Heap base and to place the Java Heap above 4GB virtual address.
# This output file may be truncated or incomplete.
#
#  Out of Memory Error (arena.cpp:168), pid=160668, tid=167576
#
# JRE version: Java(TM) SE Runtime Environment (21.0.10+8) (build 21.0.10+8-LTS-217)
# Java VM: Java HotSpot(TM) 64-Bit Server VM (21.0.10+8-LTS-217, mixed mode, sharing, tiered, compressed oops, compressed class ptrs, g1 gc, windows-amd64)
# No core dump will be written. Minidumps are not enabled by default on client versions of Windows
#

---------------  S U M M A R Y ------------

Command Line: -agentlib:jdwp=transport=dt_socket,address=127.0.0.1:62376,suspend=y,server=n -javaagent:C:\Users\HP\AppData\Local\JetBrains\IdeaIC2025.1\captureAgent\debugger-agent.jar=file:///C:/Users/HP/AppData/Local/Temp/capture11445207982316415589.props -Dkotlinx.coroutines.debug.enable.creation.stack.trace=false -Ddebugger.agent.enable.coroutines=true -Dkotlinx.coroutines.debug.enable.flows.stack.trace=true -Dkotlinx.coroutines.debug.enable.mutable.state.flows.stack.trace=true -Dfile.encoding=UTF-8 -Dsun.stdout.encoding=UTF-8 -Dsun.stderr.encoding=UTF-8 com.pranava.configserver.ConfigserverApplication

Host: Intel(R) Core(TM) i5-8250U CPU @ 1.60GHz, 8 cores, 7G,  Windows 11 , 64 bit Build 26100 (10.0.26100.8328)
Time: Tue Jun  2 23:51:07 2026 Eastern Daylight Time elapsed time: 14.201174 seconds (0d 0h 0m 14s)

---------------  T H R E A D  ---------------

Current thread (0x00000240a09b6e30):  JavaThread "C2 CompilerThread1" daemon [_thread_in_native, id=167576, stack(0x00000095d5400000,0x00000095d5500000) (1024K)]


Current CompileTask:
C2:  14201 4843       4       org.springframework.beans.factory.support.AbstractBeanFactory::isTypeMatch (745 bytes)

Stack: [0x00000095d5400000,0x00000095d5500000]
Native frames: (J=compiled Java code, j=interpreted, Vv=VM code, C=native code)
V  [jvm.dll+0x6d0b59]
V  [jvm.dll+0x85fd56]
V  [jvm.dll+0x86224e]
V  [jvm.dll+0x862923]
V  [jvm.dll+0x282a16]
V  [jvm.dll+0xc662d]
V  [jvm.dll+0xc6b71]
V  [jvm.dll+0x3bbb21]
V  [jvm.dll+0x1e36e2]
V  [jvm.dll+0x24b4c3]
V  [jvm.dll+0x24a94f]
V  [jvm.dll+0x1cacfe]
V  [jvm.dll+0x25a629]
V  [jvm.dll+0x258bb5]
V  [jvm.dll+0x3f4da1]
V  [jvm.dll+0x80a83d]
V  [jvm.dll+0x6cf3fd]
C  [ucrtbase.dll+0x37b0]
C  [KERNEL32.DLL+0x2e957]
C  [ntdll.dll+0x427c]


---------------  P R O C E S S  ---------------

Threads class SMR info:
_java_thread_list=0x00000240a0a21b60, length=20, elements={
0x000002403b01e060, 0x0000024059c042f0, 0x0000024059c094f0, 0x0000024059c0b150,
0x0000024059c0c7d0, 0x0000024059c119c0, 0x0000024059c12160, 0x0000024059c26b40,
0x0000024059c32cd0, 0x000002409f1c5b00, 0x000002409f1c1020, 0x000002409f1c36b0,
0x000002409f320900, 0x000002409f2806f0, 0x000002409f32c290, 0x00000240a09b6e30,
0x00000240a597aee0, 0x00000240a597a1c0, 0x00000240a59794a0, 0x00000240a5700cb0
}

Java Threads: ( => current thread )
  0x000002403b01e060 JavaThread "main"                              [_thread_in_vm, id=161944, stack(0x00000095d3e00000,0x00000095d3f00000) (1024K)]
  0x0000024059c042f0 JavaThread "Reference Handler"          daemon [_thread_blocked, id=165712, stack(0x00000095d4600000,0x00000095d4700000) (1024K)]
  0x0000024059c094f0 JavaThread "Finalizer"                  daemon [_thread_blocked, id=173872, stack(0x00000095d4700000,0x00000095d4800000) (1024K)]
  0x0000024059c0b150 JavaThread "Signal Dispatcher"          daemon [_thread_blocked, id=172340, stack(0x00000095d4800000,0x00000095d4900000) (1024K)]
  0x0000024059c0c7d0 JavaThread "Attach Listener"            daemon [_thread_blocked, id=158608, stack(0x00000095d4900000,0x00000095d4a00000) (1024K)]
  0x0000024059c119c0 JavaThread "Service Thread"             daemon [_thread_blocked, id=174392, stack(0x00000095d4a00000,0x00000095d4b00000) (1024K)]
  0x0000024059c12160 JavaThread "Monitor Deflation Thread"   daemon [_thread_blocked, id=162656, stack(0x00000095d4b00000,0x00000095d4c00000) (1024K)]
  0x0000024059c26b40 JavaThread "C2 CompilerThread0"         daemon [_thread_in_native, id=172380, stack(0x00000095d4c00000,0x00000095d4d00000) (1024K)]
  0x0000024059c32cd0 JavaThread "C1 CompilerThread0"         daemon [_thread_blocked, id=154844, stack(0x00000095d4d00000,0x00000095d4e00000) (1024K)]
  0x000002409f1c5b00 JavaThread "JDWP Transport Listener: dt_socket" daemon [_thread_blocked, id=175772, stack(0x00000095d4e00000,0x00000095d4f00000) (1024K)]
  0x000002409f1c1020 JavaThread "JDWP Event Helper Thread"   daemon [_thread_blocked, id=176120, stack(0x00000095d4f00000,0x00000095d5000000) (1024K)]
  0x000002409f1c36b0 JavaThread "JDWP Command Reader"        daemon [_thread_in_native, id=172808, stack(0x00000095d5000000,0x00000095d5100000) (1024K)]
  0x000002409f320900 JavaThread "Common-Cleaner"             daemon [_thread_blocked, id=170152, stack(0x00000095d5100000,0x00000095d5200000) (1024K)]
  0x000002409f2806f0 JavaThread "IntelliJ Suspend Helper"    daemon [_thread_blocked, id=172008, stack(0x00000095d5200000,0x00000095d5300000) (1024K)]
  0x000002409f32c290 JavaThread "Notification Thread"        daemon [_thread_blocked, id=171144, stack(0x00000095d5300000,0x00000095d5400000) (1024K)]
=>0x00000240a09b6e30 JavaThread "C2 CompilerThread1"         daemon [_thread_in_native, id=167576, stack(0x00000095d5400000,0x00000095d5500000) (1024K)]
  0x00000240a597aee0 JavaThread "Catalina-utility-1"                [_thread_blocked, id=172056, stack(0x00000095d5c00000,0x00000095d5d00000) (1024K)]
  0x00000240a597a1c0 JavaThread "Catalina-utility-2"                [_thread_blocked, id=160324, stack(0x00000095d5e00000,0x00000095d5f00000) (1024K)]
  0x00000240a59794a0 JavaThread "container-0"                       [_thread_blocked, id=174216, stack(0x00000095d5f00000,0x00000095d6000000) (1024K)]
  0x00000240a5700cb0 JavaThread "C2 CompilerThread2"         daemon [_thread_in_native, id=160728, stack(0x00000095d6000000,0x00000095d6100000) (1024K)]
Total: 20

Other Threads:
  0x0000024059be5650 VMThread "VM Thread"                           [id=165156, stack(0x00000095d4500000,0x00000095d4600000) (1024K)]
  0x0000024059bd30a0 WatcherThread "VM Periodic Task Thread"        [id=176960, stack(0x00000095d4400000,0x00000095d4500000) (1024K)]
  0x000002403b5e2780 WorkerThread "GC Thread#0"                     [id=176732, stack(0x00000095d3f00000,0x00000095d4000000) (1024K)]
  0x000002409fa31b50 WorkerThread "GC Thread#1"                     [id=167024, stack(0x00000095d5500000,0x00000095d5600000) (1024K)]
  0x000002409f9d3b50 WorkerThread "GC Thread#2"                     [id=169164, stack(0x00000095d5600000,0x00000095d5700000) (1024K)]
  0x000002409fb53c60 WorkerThread "GC Thread#3"                     [id=174660, stack(0x00000095d5700000,0x00000095d5800000) (1024K)]
  0x00000240a009dcf0 WorkerThread "GC Thread#4"                     [id=140852, stack(0x00000095d5800000,0x00000095d5900000) (1024K)]
  0x000002409ff310f0 WorkerThread "GC Thread#5"                     [id=25572, stack(0x00000095d5900000,0x00000095d5a00000) (1024K)]
  0x000002409ff314a0 WorkerThread "GC Thread#6"                     [id=174404, stack(0x00000095d5a00000,0x00000095d5b00000) (1024K)]
  0x000002409ff31850 WorkerThread "GC Thread#7"                     [id=164428, stack(0x00000095d5b00000,0x00000095d5c00000) (1024K)]
  0x000002403b0de040 ConcurrentGCThread "G1 Main Marker"            [id=175996, stack(0x00000095d4000000,0x00000095d4100000) (1024K)]
  0x000002403b5f27f0 WorkerThread "G1 Conc#0"                       [id=137680, stack(0x00000095d4100000,0x00000095d4200000) (1024K)]
  0x00000240a0d1d6f0 WorkerThread "G1 Conc#1"                       [id=148084, stack(0x00000095d5d00000,0x00000095d5e00000) (1024K)]
  0x000002403b63eb50 ConcurrentGCThread "G1 Refine#0"               [id=171084, stack(0x00000095d4200000,0x00000095d4300000) (1024K)]
  0x0000024059a971a0 ConcurrentGCThread "G1 Service"                [id=173036, stack(0x00000095d4300000,0x00000095d4400000) (1024K)]
Total: 15

Threads with active compile tasks:
C2 CompilerThread0    14252 4665       4       org.springframework.core.annotation.AnnotationsScanner::getDeclaredAnnotations (166 bytes)
C2 CompilerThread1    14252 4843       4       org.springframework.beans.factory.support.AbstractBeanFactory::isTypeMatch (745 bytes)
C2 CompilerThread2    14252 4706       4       org.springframework.util.ConcurrentReferenceHashMap::computeIfAbsent (68 bytes)
Total: 3

VM state: not at safepoint (normal execution)

VM Mutex/Monitor currently owned by a thread:  ([mutex/lock_event])
[0x00007ff9dd9c7f10] Metaspace_lock - owner thread: 0x000002403b01e060

Heap address: 0x0000000081c00000, size: 2020 MB, Compressed Oops mode: 32-bit

CDS archive(s) mapped at: [0x000002405a000000-0x000002405ac90000-0x000002405ac90000), size 13172736, SharedBaseAddress: 0x000002405a000000, ArchiveRelocationMode: 1.
Compressed class space mapped at: 0x000002405b000000-0x000002409b000000, reserved size: 1073741824
Narrow klass base: 0x000002405a000000, Narrow klass shift: 0, Narrow klass range: 0x100000000

GC Precious Log:
 CardTable entry size: 512
 Card Set container configuration: InlinePtr #cards 5 size 8 Array Of Cards #cards 12 size 40 Howl #buckets 4 coarsen threshold 1843 Howl Bitmap #cards 512 size 80 coarsen threshold 460 Card regions per heap region 1 cards per card region 2048
 CPUs: 8 total, 8 available
 Memory: 8078M
 Large Page Support: Disabled
 NUMA Support: Disabled
 Compressed Oops: Enabled (32-bit)
 Heap Region Size: 1M
 Heap Min Capacity: 8M
 Heap Initial Capacity: 128M
 Heap Max Capacity: 2020M
 Pre-touch: Disabled
 Parallel Workers: 8
 Concurrent Workers: 2
 Concurrent Refinement Workers: 8
 Periodic GC: Disabled

Heap:
 garbage-first heap   total 61440K, used 44747K [0x0000000081c00000, 0x0000000100000000)
  region size 1024K, 25 young (25600K), 4 survivors (4096K)
 Metaspace       used 43674K, committed 44224K, reserved 1114112K
  class space    used 5353K, committed 5632K, reserved 1048576K

Heap Regions: E=young(eden), S=young(survivor), O=old, HS=humongous(starts), HC=humongous(continues), CS=collection set, F=free, TAMS=top-at-mark-start, PB=parsable bottom
|   0|0x0000000081c00000, 0x0000000081d00000, 0x0000000081d00000|100%|HS|  |TAMS 0x0000000081c00000| PB 0x0000000081c00000| Complete 
|   1|0x0000000081d00000, 0x0000000081e00000, 0x0000000081e00000|100%| O|  |TAMS 0x0000000081d00000| PB 0x0000000081d00000| Untracked 
|   2|0x0000000081e00000, 0x0000000081f00000, 0x0000000081f00000|100%| O|  |TAMS 0x0000000081e00000| PB 0x0000000081e00000| Untracked 
|   3|0x0000000081f00000, 0x0000000082000000, 0x0000000082000000|100%| O|  |TAMS 0x0000000081f00000| PB 0x0000000081f00000| Untracked 
|   4|0x0000000082000000, 0x0000000082100000, 0x0000000082100000|100%| O|  |TAMS 0x0000000082000000| PB 0x0000000082000000| Untracked 
|   5|0x0000000082100000, 0x0000000082200000, 0x0000000082200000|100%| O|  |TAMS 0x0000000082100000| PB 0x0000000082100000| Untracked 
|   6|0x0000000082200000, 0x0000000082300000, 0x0000000082300000|100%| O|  |TAMS 0x0000000082200000| PB 0x0000000082200000| Untracked 
|   7|0x0000000082300000, 0x0000000082400000, 0x0000000082400000|100%| O|  |TAMS 0x0000000082300000| PB 0x0000000082300000| Untracked 
|   8|0x0000000082400000, 0x0000000082500000, 0x0000000082500000|100%| O|  |TAMS 0x0000000082400000| PB 0x0000000082400000| Untracked 
|   9|0x0000000082500000, 0x0000000082600000, 0x0000000082600000|100%| O|  |TAMS 0x0000000082500000| PB 0x0000000082500000| Untracked 
|  10|0x0000000082600000, 0x0000000082700000, 0x0000000082700000|100%| O|  |TAMS 0x0000000082600000| PB 0x0000000082600000| Untracked 
|  11|0x0000000082700000, 0x0000000082800000, 0x0000000082800000|100%| O|  |TAMS 0x0000000082700000| PB 0x0000000082700000| Untracked 
|  12|0x0000000082800000, 0x0000000082900000, 0x0000000082900000|100%| O|  |TAMS 0x0000000082800000| PB 0x0000000082800000| Untracked 
|  13|0x0000000082900000, 0x0000000082a00000, 0x0000000082a00000|100%| O|  |TAMS 0x0000000082900000| PB 0x0000000082900000| Untracked 
|  14|0x0000000082a00000, 0x0000000082b00000, 0x0000000082b00000|100%| O|Cm|TAMS 0x0000000082a00000| PB 0x0000000082a00000| Complete 
|  15|0x0000000082b00000, 0x0000000082c00000, 0x0000000082c00000|100%| O|  |TAMS 0x0000000082b00000| PB 0x0000000082b00000| Untracked 
|  16|0x0000000082c00000, 0x0000000082d00000, 0x0000000082d00000|100%| O|  |TAMS 0x0000000082c00000| PB 0x0000000082c00000| Untracked 
|  17|0x0000000082d00000, 0x0000000082e00000, 0x0000000082e00000|100%| O|  |TAMS 0x0000000082d00000| PB 0x0000000082d00000| Untracked 
|  18|0x0000000082e00000, 0x0000000082f00000, 0x0000000082f00000|100%| O|  |TAMS 0x0000000082e00000| PB 0x0000000082e00000| Untracked 
|  19|0x0000000082f00000, 0x0000000082f00000, 0x0000000083000000|  0%| F|  |TAMS 0x0000000082f00000| PB 0x0000000082f00000| Untracked 
|  20|0x0000000083000000, 0x0000000083100000, 0x0000000083100000|100%| O|  |TAMS 0x0000000083000000| PB 0x0000000083000000| Untracked 
|  21|0x0000000083100000, 0x00000000831b2e80, 0x0000000083200000| 69%| O|  |TAMS 0x0000000083100000| PB 0x0000000083100000| Untracked 
|  22|0x0000000083200000, 0x0000000083200000, 0x0000000083300000|  0%| F|  |TAMS 0x0000000083200000| PB 0x0000000083200000| Untracked 
|  23|0x0000000083300000, 0x0000000083300000, 0x0000000083400000|  0%| F|  |TAMS 0x0000000083300000| PB 0x0000000083300000| Untracked 
|  24|0x0000000083400000, 0x0000000083400000, 0x0000000083500000|  0%| F|  |TAMS 0x0000000083400000| PB 0x0000000083400000| Untracked 
|  25|0x0000000083500000, 0x0000000083600000, 0x0000000083600000|100%| S|CS|TAMS 0x0000000083500000| PB 0x0000000083500000| Complete 
|  26|0x0000000083600000, 0x0000000083700000, 0x0000000083700000|100%| S|CS|TAMS 0x0000000083600000| PB 0x0000000083600000| Complete 
|  27|0x0000000083700000, 0x0000000083800000, 0x0000000083800000|100%| S|CS|TAMS 0x0000000083700000| PB 0x0000000083700000| Complete 
|  28|0x0000000083800000, 0x0000000083900000, 0x0000000083900000|100%| S|CS|TAMS 0x0000000083800000| PB 0x0000000083800000| Complete 
|  29|0x0000000083900000, 0x0000000083900000, 0x0000000083a00000|  0%| F|  |TAMS 0x0000000083900000| PB 0x0000000083900000| Untracked 
|  30|0x0000000083a00000, 0x0000000083a00000, 0x0000000083b00000|  0%| F|  |TAMS 0x0000000083a00000| PB 0x0000000083a00000| Untracked 
|  31|0x0000000083b00000, 0x0000000083b00000, 0x0000000083c00000|  0%| F|  |TAMS 0x0000000083b00000| PB 0x0000000083b00000| Untracked 
|  32|0x0000000083c00000, 0x0000000083c00000, 0x0000000083d00000|  0%| F|  |TAMS 0x0000000083c00000| PB 0x0000000083c00000| Untracked 
|  33|0x0000000083d00000, 0x0000000083d00000, 0x0000000083e00000|  0%| F|  |TAMS 0x0000000083d00000| PB 0x0000000083d00000| Untracked 
|  34|0x0000000083e00000, 0x0000000083e00000, 0x0000000083f00000|  0%| F|  |TAMS 0x0000000083e00000| PB 0x0000000083e00000| Untracked 
|  35|0x0000000083f00000, 0x0000000083f00000, 0x0000000084000000|  0%| F|  |TAMS 0x0000000083f00000| PB 0x0000000083f00000| Untracked 
|  36|0x0000000084000000, 0x0000000084000000, 0x0000000084100000|  0%| F|  |TAMS 0x0000000084000000| PB 0x0000000084000000| Untracked 
|  37|0x0000000084100000, 0x0000000084100000, 0x0000000084200000|  0%| F|  |TAMS 0x0000000084100000| PB 0x0000000084100000| Untracked 
|  38|0x0000000084200000, 0x0000000084200000, 0x0000000084300000|  0%| F|  |TAMS 0x0000000084200000| PB 0x0000000084200000| Untracked 
|  39|0x0000000084300000, 0x000000008437e480, 0x0000000084400000| 49%| E|  |TAMS 0x0000000084300000| PB 0x0000000084300000| Complete 
|  40|0x0000000084400000, 0x0000000084500000, 0x0000000084500000|100%| E|CS|TAMS 0x0000000084400000| PB 0x0000000084400000| Complete 
|  41|0x0000000084500000, 0x0000000084600000, 0x0000000084600000|100%| E|CS|TAMS 0x0000000084500000| PB 0x0000000084500000| Complete 
|  42|0x0000000084600000, 0x0000000084700000, 0x0000000084700000|100%| E|CS|TAMS 0x0000000084600000| PB 0x0000000084600000| Complete 
|  43|0x0000000084700000, 0x0000000084800000, 0x0000000084800000|100%| E|CS|TAMS 0x0000000084700000| PB 0x0000000084700000| Complete 
|  44|0x0000000084800000, 0x0000000084900000, 0x0000000084900000|100%| E|CS|TAMS 0x0000000084800000| PB 0x0000000084800000| Complete 
|  45|0x0000000084900000, 0x0000000084a00000, 0x0000000084a00000|100%| E|CS|TAMS 0x0000000084900000| PB 0x0000000084900000| Complete 
|  46|0x0000000084a00000, 0x0000000084b00000, 0x0000000084b00000|100%| E|CS|TAMS 0x0000000084a00000| PB 0x0000000084a00000| Complete 
|  47|0x0000000084b00000, 0x0000000084c00000, 0x0000000084c00000|100%| E|CS|TAMS 0x0000000084b00000| PB 0x0000000084b00000| Complete 
|  48|0x0000000084c00000, 0x0000000084d00000, 0x0000000084d00000|100%| E|CS|TAMS 0x0000000084c00000| PB 0x0000000084c00000| Complete 
|  49|0x0000000084d00000, 0x0000000084e00000, 0x0000000084e00000|100%| E|  |TAMS 0x0000000084d00000| PB 0x0000000084d00000| Complete 
|  50|0x0000000084e00000, 0x0000000084f00000, 0x0000000084f00000|100%| E|CS|TAMS 0x0000000084e00000| PB 0x0000000084e00000| Complete 
|  51|0x0000000084f00000, 0x0000000085000000, 0x0000000085000000|100%| E|CS|TAMS 0x0000000084f00000| PB 0x0000000084f00000| Complete 
|  84|0x0000000087000000, 0x0000000087100000, 0x0000000087100000|100%| E|CS|TAMS 0x0000000087000000| PB 0x0000000087000000| Complete 
|  85|0x0000000087100000, 0x0000000087200000, 0x0000000087200000|100%| E|CS|TAMS 0x0000000087100000| PB 0x0000000087100000| Complete 
|  86|0x0000000087200000, 0x0000000087300000, 0x0000000087300000|100%| E|CS|TAMS 0x0000000087200000| PB 0x0000000087200000| Complete 
|  87|0x0000000087300000, 0x0000000087400000, 0x0000000087400000|100%| E|CS|TAMS 0x0000000087300000| PB 0x0000000087300000| Complete 
|  88|0x0000000087400000, 0x0000000087500000, 0x0000000087500000|100%| E|CS|TAMS 0x0000000087400000| PB 0x0000000087400000| Complete 
|  89|0x0000000087500000, 0x0000000087600000, 0x0000000087600000|100%| E|CS|TAMS 0x0000000087500000| PB 0x0000000087500000| Complete 
| 126|0x0000000089a00000, 0x0000000089b00000, 0x0000000089b00000|100%| E|CS|TAMS 0x0000000089a00000| PB 0x0000000089a00000| Complete 
| 127|0x0000000089b00000, 0x0000000089c00000, 0x0000000089c00000|100%| E|CS|TAMS 0x0000000089b00000| PB 0x0000000089b00000| Complete 

Card table byte_map: [0x0000024054e30000,0x0000024055230000] _byte_map_base: 0x0000024054a22000

Marking Bits: (CMBitMap*) 0x000002403b5e2e90
 Bits: [0x0000024055230000, 0x00000240571c0000)

Polling page: 0x000002403b250000

Metaspace:

Usage:
  Non-class:     37.42 MB used.
      Class:      5.23 MB used.
       Both:     42.65 MB used.

Virtual space:
  Non-class space:       64.00 MB reserved,      37.69 MB ( 59%) committed,  1 nodes.
      Class space:        1.00 GB reserved,       5.50 MB ( <1%) committed,  1 nodes.
             Both:        1.06 GB reserved,      43.19 MB (  4%) committed. 

Chunk freelists:
   Non-Class:  9.36 MB
       Class:  10.45 MB
        Both:  19.80 MB

MaxMetaspaceSize: unlimited
CompressedClassSpaceSize: 1.00 GB
Initial GC threshold: 21.00 MB
Current GC threshold: 58.88 MB
CDS: on
 - commit_granule_bytes: 65536.
 - commit_granule_words: 8192.
 - virtual_space_node_default_size: 8388608.
 - enlarge_chunks_in_place: 1.
 - use_allocation_guard: 0.


Internal statistics:

num_allocs_failed_limit: 6.
num_arena_births: 796.
num_arena_deaths: 0.
num_vsnodes_births: 2.
num_vsnodes_deaths: 0.
num_space_committed: 691.
num_space_uncommitted: 0.
num_chunks_returned_to_freelist: 6.
num_chunks_taken_from_freelist: 2210.
num_chunk_merges: 6.
num_chunk_splits: 1471.
num_chunks_enlarged: 1068.
num_inconsistent_stats: 0.

CodeHeap 'non-profiled nmethods': size=120000Kb used=2710Kb max_used=2710Kb free=117289Kb
 bounds [0x000002404caa0000, 0x000002404cd50000, 0x0000024053fd0000]
CodeHeap 'profiled nmethods': size=120000Kb used=10132Kb max_used=10132Kb free=109867Kb
 bounds [0x0000024044fd0000, 0x00000240459c0000, 0x000002404c500000]
CodeHeap 'non-nmethods': size=5760Kb used=1562Kb max_used=1655Kb free=4197Kb
 bounds [0x000002404c500000, 0x000002404c770000, 0x000002404caa0000]
 total_blobs=5162 nmethods=4590 adapters=475
 compilation: enabled
              stopped_count=0, restarted_count=0
 full_count=0

Compilation events (20 events):
Event: 13.169 Thread 0x0000024059c32cd0 4946       3       org.springframework.beans.factory.support.AbstractBeanDefinition::getResolvedAutowireMode (59 bytes)
Event: 13.170 Thread 0x0000024059c32cd0 nmethod 4946 0x00000240459a7190 code [0x00000240459a7380, 0x00000240459a7790]
Event: 13.173 Thread 0x0000024059c32cd0 4947       3       jdk.internal.org.objectweb.asm.Type::<init> (26 bytes)
Event: 13.173 Thread 0x0000024059c32cd0 nmethod 4947 0x00000240459a7990 code [0x00000240459a7b40, 0x00000240459a7d08]
Event: 13.175 Thread 0x0000024059c32cd0 4948       3       org.springframework.beans.factory.support.AbstractAutowireCapableBeanFactory::populateBean (355 bytes)
Event: 13.182 Thread 0x0000024059c32cd0 nmethod 4948 0x00000240459a7e10 code [0x00000240459a8440, 0x00000240459ac490]
Event: 13.182 Thread 0x0000024059c32cd0 4950   !   3       org.springframework.core.annotation.AnnotationsScanner::processMethodInheritedAnnotations (33 bytes)
Event: 13.183 Thread 0x0000024059c32cd0 nmethod 4950 0x00000240459ad590 code [0x00000240459ad780, 0x00000240459adaa0]
Event: 13.183 Thread 0x0000024059c32cd0 4949       3       java.lang.reflect.Executable::sharedGetParameterAnnotations (96 bytes)
Event: 13.184 Thread 0x0000024059c32cd0 nmethod 4949 0x00000240459adc10 code [0x00000240459adec0, 0x00000240459aec58]
Event: 13.184 Thread 0x0000024059c32cd0 4951       1       java.lang.reflect.Constructor::getAnnotationBytes (5 bytes)
Event: 13.185 Thread 0x0000024059c32cd0 nmethod 4951 0x000002404cd43b90 code [0x000002404cd43d20, 0x000002404cd43de8]
Event: 13.188 Thread 0x0000024059c32cd0 4952       3       org.springframework.boot.context.properties.bind.JavaBeanBinder$BeanProperties::isCandidate (83 bytes)
Event: 13.190 Thread 0x0000024059c32cd0 nmethod 4952 0x00000240459af190 code [0x00000240459af3c0, 0x00000240459afe00]
Event: 13.190 Thread 0x0000024059c32cd0 4953       3       org.springframework.boot.context.properties.source.ConfigurationPropertyName$$Lambda/0x000002405b136000::apply (9 bytes)
Event: 13.191 Thread 0x0000024059c32cd0 nmethod 4953 0x00000240459b0090 code [0x00000240459b0260, 0x00000240459b0470]
Event: 13.191 Thread 0x0000024059c32cd0 4954       3       org.springframework.boot.context.properties.source.ConfigurationPropertyName::lambda$asSystemEnvironmentLegacyName$2 (16 bytes)
Event: 13.191 Thread 0x0000024059c32cd0 nmethod 4954 0x00000240459b0590 code [0x00000240459b0740, 0x00000240459b08f0]
Event: 13.193 Thread 0x0000024059c32cd0 4955       3       java.lang.ThreadLocal$ThreadLocalMap::getEntryAfterMiss (59 bytes)
Event: 13.194 Thread 0x0000024059c32cd0 nmethod 4955 0x00000240459b0a10 code [0x00000240459b0c20, 0x00000240459b1230]

GC Heap History (16 events):
Event: 1.864 GC heap before
{Heap before GC invocations=0 (full 0):
 garbage-first heap   total 131072K, used 25600K [0x0000000081c00000, 0x0000000100000000)
  region size 1024K, 23 young (23552K), 0 survivors (0K)
 Metaspace       used 5981K, committed 6144K, reserved 1114112K
  class space    used 548K, committed 640K, reserved 1048576K
}
Event: 1.876 GC heap after
{Heap after GC invocations=1 (full 0):
 garbage-first heap   total 131072K, used 9471K [0x0000000081c00000, 0x0000000100000000)
  region size 1024K, 3 young (3072K), 3 survivors (3072K)
 Metaspace       used 5981K, committed 6144K, reserved 1114112K
  class space    used 548K, committed 640K, reserved 1048576K
}
Event: 3.475 GC heap before
{Heap before GC invocations=1 (full 0):
 garbage-first heap   total 131072K, used 38143K [0x0000000081c00000, 0x0000000100000000)
  region size 1024K, 28 young (28672K), 3 survivors (3072K)
 Metaspace       used 12476K, committed 12672K, reserved 1114112K
  class space    used 1296K, committed 1408K, reserved 1048576K
}
Event: 3.488 GC heap after
{Heap after GC invocations=2 (full 0):
 garbage-first heap   total 131072K, used 13591K [0x0000000081c00000, 0x0000000100000000)
  region size 1024K, 3 young (3072K), 3 survivors (3072K)
 Metaspace       used 12476K, committed 12672K, reserved 1114112K
  class space    used 1296K, committed 1408K, reserved 1048576K
}
Event: 5.824 GC heap before
{Heap before GC invocations=2 (full 0):
 garbage-first heap   total 131072K, used 47383K [0x0000000081c00000, 0x0000000100000000)
  region size 1024K, 38 young (38912K), 3 survivors (3072K)
 Metaspace       used 21097K, committed 21568K, reserved 1114112K
  class space    used 2537K, committed 2752K, reserved 1048576K
}
Event: 5.834 GC heap after
{Heap after GC invocations=3 (full 0):
 garbage-first heap   total 131072K, used 16222K [0x0000000081c00000, 0x0000000100000000)
  region size 1024K, 6 young (6144K), 6 survivors (6144K)
 Metaspace       used 21097K, committed 21568K, reserved 1114112K
  class space    used 2537K, committed 2752K, reserved 1048576K
}
Event: 6.732 GC heap before
{Heap before GC invocations=4 (full 0):
 garbage-first heap   total 61440K, used 44894K [0x0000000081c00000, 0x0000000100000000)
  region size 1024K, 36 young (36864K), 6 survivors (6144K)
 Metaspace       used 27602K, committed 27968K, reserved 1114112K
  class space    used 3246K, committed 3392K, reserved 1048576K
}
Event: 6.741 GC heap after
{Heap after GC invocations=5 (full 0):
 garbage-first heap   total 61440K, used 16423K [0x0000000081c00000, 0x0000000100000000)
  region size 1024K, 3 young (3072K), 3 survivors (3072K)
 Metaspace       used 27602K, committed 27968K, reserved 1114112K
  class space    used 3246K, committed 3392K, reserved 1048576K
}
Event: 8.154 GC heap before
{Heap before GC invocations=5 (full 0):
 garbage-first heap   total 61440K, used 46119K [0x0000000081c00000, 0x0000000100000000)
  region size 1024K, 33 young (33792K), 3 survivors (3072K)
 Metaspace       used 30037K, committed 30464K, reserved 1114112K
  class space    used 3536K, committed 3712K, reserved 1048576K
}
Event: 8.166 GC heap after
{Heap after GC invocations=6 (full 0):
 garbage-first heap   total 61440K, used 20002K [0x0000000081c00000, 0x0000000100000000)
  region size 1024K, 5 young (5120K), 5 survivors (5120K)
 Metaspace       used 30037K, committed 30464K, reserved 1114112K
  class space    used 3536K, committed 3712K, reserved 1048576K
}
Event: 9.843 GC heap before
{Heap before GC invocations=6 (full 0):
 garbage-first heap   total 61440K, used 47650K [0x0000000081c00000, 0x0000000100000000)
  region size 1024K, 32 young (32768K), 5 survivors (5120K)
 Metaspace       used 33309K, committed 33664K, reserved 1114112K
  class space    used 3984K, committed 4160K, reserved 1048576K
}
Event: 9.856 GC heap after
{Heap after GC invocations=7 (full 0):
 garbage-first heap   total 61440K, used 21504K [0x0000000081c00000, 0x0000000100000000)
  region size 1024K, 2 young (2048K), 2 survivors (2048K)
 Metaspace       used 33309K, committed 33664K, reserved 1114112K
  class space    used 3984K, committed 4160K, reserved 1048576K
}
Event: 10.767 GC heap before
{Heap before GC invocations=7 (full 0):
 garbage-first heap   total 61440K, used 34816K [0x0000000081c00000, 0x0000000100000000)
  region size 1024K, 16 young (16384K), 2 survivors (2048K)
 Metaspace       used 35691K, committed 36096K, reserved 1114112K
  class space    used 4361K, committed 4544K, reserved 1048576K
}
Event: 10.780 GC heap after
{Heap after GC invocations=8 (full 0):
 garbage-first heap   total 61440K, used 23284K [0x0000000081c00000, 0x0000000100000000)
  region size 1024K, 4 young (4096K), 4 survivors (4096K)
 Metaspace       used 35691K, committed 36096K, reserved 1114112K
  class space    used 4361K, committed 4544K, reserved 1048576K
}
Event: 12.103 GC heap before
{Heap before GC invocations=9 (full 0):
 garbage-first heap   total 61440K, used 51956K [0x0000000081c00000, 0x0000000100000000)
  region size 1024K, 31 young (31744K), 4 survivors (4096K)
 Metaspace       used 40619K, committed 41152K, reserved 1114112K
  class space    used 4953K, committed 5184K, reserved 1048576K
}
Event: 12.124 GC heap after
{Heap after GC invocations=10 (full 0):
 garbage-first heap   total 61440K, used 25291K [0x0000000081c00000, 0x0000000100000000)
  region size 1024K, 4 young (4096K), 4 survivors (4096K)
 Metaspace       used 40619K, committed 41152K, reserved 1114112K
  class space    used 4953K, committed 5184K, reserved 1048576K
}

Dll operation events (12 events):
Event: 0.031 Loaded shared library C:\Program Files\Java\jdk-21.0.10\bin\java.dll
Event: 0.034 Loaded shared library C:\Program Files\Java\jdk-21.0.10\bin\zip.dll
Event: 0.087 Loaded shared library C:\Program Files\Java\jdk-21.0.10\bin\jsvml.dll
Event: 0.506 Loaded shared library C:\Program Files\Java\jdk-21.0.10\bin\instrument.dll
Event: 0.716 Loaded shared library C:\Program Files\Java\jdk-21.0.10\bin\net.dll
Event: 0.720 Loaded shared library C:\Program Files\Java\jdk-21.0.10\bin\nio.dll
Event: 0.750 Loaded shared library C:\Program Files\Java\jdk-21.0.10\bin\zip.dll
Event: 1.095 Loaded shared library C:\Program Files\Java\jdk-21.0.10\bin\verify.dll
Event: 1.123 Loaded shared library C:\Program Files\Java\jdk-21.0.10\bin\jimage.dll
Event: 4.569 Loaded shared library C:\Program Files\Java\jdk-21.0.10\bin\sunmscapi.dll
Event: 11.200 Loaded shared library C:\Program Files\Java\jdk-21.0.10\bin\management.dll
Event: 11.206 Loaded shared library C:\Program Files\Java\jdk-21.0.10\bin\management_ext.dll

Deoptimization events (20 events):
Event: 13.157 Thread 0x000002403b01e060 DEOPT PACKING pc=0x000002404578172c sp=0x00000095d3efd740
Event: 13.157 Thread 0x000002403b01e060 DEOPT UNPACKING pc=0x000002404c554e42 sp=0x00000095d3efcca8 mode 1
Event: 13.157 Thread 0x000002403b01e060 DEOPT PACKING pc=0x000002404578172c sp=0x00000095d3efd740
Event: 13.157 Thread 0x000002403b01e060 DEOPT UNPACKING pc=0x000002404c554e42 sp=0x00000095d3efcca8 mode 1
Event: 13.165 Thread 0x000002403b01e060 DEOPT PACKING pc=0x000002404578172c sp=0x00000095d3efc830
Event: 13.165 Thread 0x000002403b01e060 DEOPT UNPACKING pc=0x000002404c554e42 sp=0x00000095d3efbd98 mode 1
Event: 13.165 Thread 0x000002403b01e060 DEOPT PACKING pc=0x000002404578172c sp=0x00000095d3efc830
Event: 13.165 Thread 0x000002403b01e060 DEOPT UNPACKING pc=0x000002404c554e42 sp=0x00000095d3efbd98 mode 1
Event: 13.168 Thread 0x000002403b01e060 DEOPT PACKING pc=0x000002404578172c sp=0x00000095d3efd740
Event: 13.168 Thread 0x000002403b01e060 DEOPT UNPACKING pc=0x000002404c554e42 sp=0x00000095d3efcca8 mode 1
Event: 13.168 Thread 0x000002403b01e060 DEOPT PACKING pc=0x000002404578172c sp=0x00000095d3efd740
Event: 13.168 Thread 0x000002403b01e060 DEOPT UNPACKING pc=0x000002404c554e42 sp=0x00000095d3efcca8 mode 1
Event: 13.176 Thread 0x000002403b01e060 DEOPT PACKING pc=0x000002404578172c sp=0x00000095d3efcb00
Event: 13.176 Thread 0x000002403b01e060 DEOPT UNPACKING pc=0x000002404c554e42 sp=0x00000095d3efc068 mode 1
Event: 13.176 Thread 0x000002403b01e060 DEOPT PACKING pc=0x000002404578172c sp=0x00000095d3efcb00
Event: 13.176 Thread 0x000002403b01e060 DEOPT UNPACKING pc=0x000002404c554e42 sp=0x00000095d3efc068 mode 1
Event: 13.178 Thread 0x000002403b01e060 DEOPT PACKING pc=0x000002404578172c sp=0x00000095d3efd740
Event: 13.178 Thread 0x000002403b01e060 DEOPT UNPACKING pc=0x000002404c554e42 sp=0x00000095d3efcca8 mode 1
Event: 13.178 Thread 0x000002403b01e060 DEOPT PACKING pc=0x000002404578172c sp=0x00000095d3efd740
Event: 13.178 Thread 0x000002403b01e060 DEOPT UNPACKING pc=0x000002404c554e42 sp=0x00000095d3efcca8 mode 1

Classes loaded (20 events):
Event: 13.163 Loading class org/springframework/cloud/client/discovery/event/InstanceRegisteredEvent
Event: 13.163 Loading class org/springframework/cloud/client/discovery/event/InstanceRegisteredEvent done
Event: 13.166 Loading class org/springframework/boot/actuate/health/NamedContributor
Event: 13.166 Loading class org/springframework/boot/actuate/health/NamedContributor done
Event: 13.167 Loading class org/springframework/cloud/client/discovery/health/DiscoveryHealthIndicator
Event: 13.167 Loading class org/springframework/cloud/client/discovery/health/DiscoveryHealthIndicator done
Event: 13.171 Loading class org/springframework/boot/convert/DurationUnit
Event: 13.171 Loading class org/springframework/boot/convert/DurationUnit done
Event: 13.185 Loading class org/springframework/cloud/config/server/support/GoogleCloudSourceSupport
Event: 13.185 Loading class org/springframework/cloud/config/server/support/GoogleCloudSourceSupport done
Event: 13.185 Loading class org/springframework/cloud/config/server/environment/HttpClient4BuilderCustomizer
Event: 13.185 Loading class org/springframework/cloud/config/server/environment/HttpClient4BuilderCustomizer done
Event: 13.194 Loading class org/springframework/cloud/config/server/environment/HttpClientConfigurableHttpConnectionFactory
Event: 13.194 Loading class org/springframework/cloud/config/server/environment/HttpClientConfigurableHttpConnectionFactory done
Event: 13.195 Loading class org/eclipse/jgit/transport/http/HttpConnection
Event: 13.195 Loading class org/eclipse/jgit/transport/http/HttpConnection done
Event: 13.197 Loading class java/net/Proxy
Event: 13.197 Loading class java/net/Proxy done
Event: 13.197 Loading class org/apache/http/impl/client/HttpClientBuilder
Event: 13.197 Loading class org/apache/http/impl/client/HttpClientBuilder done

Classes unloaded (0 events):
No events

Classes redefined (1 events):
Event: 0.609 Thread 0x0000024059be5650 redefined class name=java.lang.Throwable, count=1

Internal exceptions (20 events):
Event: 11.476 Thread 0x000002403b01e060 Exception <a 'java/lang/NoSuchMethodError'{0x0000000084a721e8}: 'java.lang.Object java.lang.invoke.DirectMethodHandle$Holder.invokeStaticInit(java.lang.Object, java.lang.Object, java.lang.Object, java.lang.Object)'> (0x0000000084a721e8) 
thrown [s\open\src\hotspot\share\interpreter\linkResolver.cpp, line 773]
Event: 11.480 Thread 0x000002403b01e060 Exception <a 'java/lang/IncompatibleClassChangeError'{0x0000000084a83be8}: Found class java.lang.Object, but interface was expected> (0x0000000084a83be8) 
thrown [s\open\src\hotspot\share\interpreter\linkResolver.cpp, line 840]
Event: 11.481 Thread 0x000002403b01e060 Exception <a 'java/lang/IncompatibleClassChangeError'{0x0000000084a90db0}: Found class java.lang.Object, but interface was expected> (0x0000000084a90db0) 
thrown [s\open\src\hotspot\share\interpreter\linkResolver.cpp, line 840]
Event: 11.490 Thread 0x000002403b01e060 Exception <a 'java/lang/IncompatibleClassChangeError'{0x0000000084abc7b8}: Found class java.lang.Object, but interface was expected> (0x0000000084abc7b8) 
thrown [s\open\src\hotspot\share\interpreter\linkResolver.cpp, line 840]
Event: 11.754 Thread 0x000002403b01e060 Exception <a 'java/lang/NoSuchMethodError'{0x00000000840997c8}: 'int java.lang.invoke.DirectMethodHandle$Holder.invokeStaticInit(java.lang.Object, int, java.lang.Object, java.lang.Object, java.lang.Object, java.lang.Object)'> (0x00000000840997c8) 
thrown [s\open\src\hotspot\share\interpreter\linkResolver.cpp, line 773]
Event: 11.833 Thread 0x000002403b01e060 Exception <a 'java/lang/NoSuchMethodError'{0x0000000083e48a00}: 'java.lang.Object java.lang.invoke.Invokers$Holder.invoker(java.lang.Object, java.lang.Object, java.lang.Object, java.lang.Object, java.lang.Object, java.lang.Object, java.lang.Object, java.lang.Object, java.lang.Object, java.lang.Object, java.lang.Object, java.lang.Object, java.lang.Object, java.lang.Object)'> (0x0000000083e48a00) 
thrown [s\open\src\hotspot\share\interpreter\linkResolver.cpp, line 773]
Event: 11.835 Thread 0x000002403b01e060 Exception <a 'java/lang/NoSuchMethodError'{0x0000000083e52ef8}: 'java.lang.Object java.lang.invoke.DelegatingMethodHandle$Holder.delegate(java.lang.Object, java.lang.Object, java.lang.Object, java.lang.Object, java.lang.Object, java.lang.Object, java.lang.Object, java.lang.Object, java.lang.Object, java.lang.Object, java.lang.Object, java.lang.Object, java.lang.Object, java.lang.Object)'> (0x0000000083e52ef8) 
thrown [s\open\src\hotspot\share\interpreter\linkResolver.cpp, line 773]
Event: 11.876 Thread 0x000002403b01e060 Exception <a 'java/lang/NoSuchMethodError'{0x0000000083d3aaa8}: 'java.lang.Object java.lang.invoke.DirectMethodHandle$Holder.invokeSpecial(java.lang.Object, java.lang.Object, int, java.lang.Object, java.lang.Object)'> (0x0000000083d3aaa8) 
thrown [s\open\src\hotspot\share\interpreter\linkResolver.cpp, line 773]
Event: 11.876 Thread 0x000002403b01e060 Exception <a 'java/lang/NoSuchMethodError'{0x0000000083d3eaa8}: 'java.lang.Object java.lang.invoke.DelegatingMethodHandle$Holder.delegate(java.lang.Object, int, java.lang.Object, java.lang.Object)'> (0x0000000083d3eaa8) 
thrown [s\open\src\hotspot\share\interpreter\linkResolver.cpp, line 773]
Event: 11.880 Thread 0x000002403b01e060 Exception <a 'java/lang/NoSuchMethodError'{0x0000000083d4f5a0}: 'int java.lang.invoke.Invokers$Holder.linkToTargetMethod(java.lang.Object, java.lang.Object, java.lang.Object)'> (0x0000000083d4f5a0) 
thrown [s\open\src\hotspot\share\interpreter\linkResolver.cpp, line 773]
Event: 11.958 Thread 0x000002403b01e060 Exception <a 'java/lang/NoSuchMethodError'{0x0000000083cdbf18}: 'void java.lang.invoke.Invokers$Holder.invokeExact_MT(java.lang.Object, java.lang.Object, java.lang.Object)'> (0x0000000083cdbf18) 
thrown [s\open\src\hotspot\share\interpreter\linkResolver.cpp, line 773]
Event: 12.078 Thread 0x000002403b01e060 Exception <a 'java/lang/NoSuchMethodError'{0x000000008397d210}: 'long java.lang.invoke.DirectMethodHandle$Holder.invokeVirtual(java.lang.Object, java.lang.Object)'> (0x000000008397d210) 
thrown [s\open\src\hotspot\share\interpreter\linkResolver.cpp, line 773]
Event: 12.174 Thread 0x000002403b01e060 Exception <a 'java/lang/NoSuchMethodError'{0x0000000089a19fa8}: 'void java.lang.invoke.DirectMethodHandle$Holder.invokeVirtual(java.lang.Object, java.lang.Object, long)'> (0x0000000089a19fa8) 
thrown [s\open\src\hotspot\share\interpreter\linkResolver.cpp, line 773]
Event: 12.225 Thread 0x000002403b01e060 Exception <a 'java/lang/NoSuchMethodError'{0x0000000087507740}: 'java.lang.Object java.lang.invoke.DirectMethodHandle$Holder.invokeInterface(java.lang.Object, java.lang.Object, java.lang.Object, java.lang.Object)'> (0x0000000087507740) 
thrown [s\open\src\hotspot\share\interpreter\linkResolver.cpp, line 773]
Event: 12.280 Thread 0x000002403b01e060 Exception <a 'java/lang/NoSuchMethodError'{0x000000008743bda0}: 'java.lang.Object java.lang.invoke.DirectMethodHandle$Holder.newInvokeSpecial(java.lang.Object, java.lang.Object, java.lang.Object, java.lang.Object, java.lang.Object, java.lang.Object, java.lang.Object, java.lang.Object)'> (0x000000008743bda0) 
thrown [s\open\src\hotspot\share\interpreter\linkResolver.cpp, line 773]
Event: 12.682 Thread 0x000002403b01e060 Exception <a 'java/lang/IncompatibleClassChangeError'{0x0000000084b0da68}: Found class java.lang.Object, but interface was expected> (0x0000000084b0da68) 
thrown [s\open\src\hotspot\share\interpreter\linkResolver.cpp, line 840]
Event: 12.725 Thread 0x000002403b01e060 Implicit null exception at 0x000002404cc024d2 to 0x000002404cc025a8
Event: 12.935 Thread 0x000002403b01e060 Exception <a 'java/lang/NoSuchMethodError'{0x0000000084700a68}: 'int java.lang.invoke.DirectMethodHandle$Holder.invokeStaticInit(java.lang.Object, java.lang.Object, java.lang.Object, java.lang.Object)'> (0x0000000084700a68) 
thrown [s\open\src\hotspot\share\interpreter\linkResolver.cpp, line 773]
Event: 12.947 Thread 0x000002403b01e060 Implicit null exception at 0x000002404ccdec8b to 0x000002404ccdf110
Event: 13.118 Thread 0x000002403b01e060 Exception <a 'java/lang/NoSuchMethodError'{0x000000008458e100}: 'java.lang.Object java.lang.invoke.DirectMethodHandle$Holder.newInvokeSpecial(java.lang.Object, java.lang.Object, java.lang.Object, java.lang.Object, java.lang.Object, java.lang.Object, java.lang.Object, java.lang.Object, java.lang.Object)'> (0x000000008458e100) 
thrown [s\open\src\hotspot\share\interpreter\linkResolver.cpp, line 773]

ZGC Phase Switch (0 events):
No events

VM Operations (20 events):
Event: 11.845 Executing VM operation: Cleanup
Event: 11.845 Executing VM operation: Cleanup done
Event: 12.027 Executing VM operation: HandshakeAllThreads (Deoptimize)
Event: 12.027 Executing VM operation: HandshakeAllThreads (Deoptimize) done
Event: 12.092 Executing VM operation: HandshakeAllThreads (Deoptimize)
Event: 12.092 Executing VM operation: HandshakeAllThreads (Deoptimize) done
Event: 12.103 Executing VM operation: G1CollectForAllocation (G1 Evacuation Pause)
Event: 12.124 Executing VM operation: G1CollectForAllocation (G1 Evacuation Pause) done
Event: 12.382 Executing VM operation: HandshakeAllThreads (Deoptimize)
Event: 12.382 Executing VM operation: HandshakeAllThreads (Deoptimize) done
Event: 12.466 Executing VM operation: HandshakeAllThreads (Deoptimize)
Event: 12.466 Executing VM operation: HandshakeAllThreads (Deoptimize) done
Event: 12.467 Executing VM operation: HandshakeAllThreads (Deoptimize)
Event: 12.467 Executing VM operation: HandshakeAllThreads (Deoptimize) done
Event: 12.703 Executing VM operation: HandshakeAllThreads (Deoptimize)
Event: 12.703 Executing VM operation: HandshakeAllThreads (Deoptimize) done
Event: 12.862 Executing VM operation: HandshakeAllThreads (Deoptimize)
Event: 12.862 Executing VM operation: HandshakeAllThreads (Deoptimize) done
Event: 13.870 Executing VM operation: Cleanup
Event: 13.870 Executing VM operation: Cleanup done

Events (20 events):
Event: 10.822 Thread 0x0000024059be5650 flushing nmethod 0x000002404526e190
Event: 10.822 Thread 0x0000024059be5650 flushing nmethod 0x0000024045292b90
Event: 10.822 Thread 0x0000024059be5650 flushing nmethod 0x00000240452b5510
Event: 10.822 Thread 0x0000024059be5650 flushing nmethod 0x00000240452d1290
Event: 10.822 Thread 0x0000024059be5650 flushing nmethod 0x00000240452dd590
Event: 10.822 Thread 0x0000024059be5650 flushing nmethod 0x0000024045341910
Event: 10.822 Thread 0x0000024059be5650 flushing nmethod 0x0000024045387d90
Event: 10.822 Thread 0x0000024059be5650 flushing nmethod 0x000002404538b690
Event: 10.822 Thread 0x0000024059be5650 flushing nmethod 0x000002404538bb10
Event: 10.822 Thread 0x0000024059be5650 flushing nmethod 0x000002404538c010
Event: 10.822 Thread 0x0000024059be5650 flushing nmethod 0x000002404538ef10
Event: 10.822 Thread 0x0000024059be5650 flushing nmethod 0x0000024045391710
Event: 10.822 Thread 0x0000024059be5650 flushing nmethod 0x0000024045393e10
Event: 10.822 Thread 0x0000024059be5650 flushing nmethod 0x0000024045394a90
Event: 10.822 Thread 0x0000024059be5650 flushing nmethod 0x0000024045394f10
Event: 10.822 Thread 0x0000024059be5650 flushing nmethod 0x0000024045397390
Event: 10.822 Thread 0x0000024059be5650 flushing nmethod 0x0000024045441790
Event: 12.130 Thread 0x00000240a597aee0 Thread added: 0x00000240a597aee0
Event: 12.134 Thread 0x00000240a597a1c0 Thread added: 0x00000240a597a1c0
Event: 12.144 Thread 0x00000240a59794a0 Thread added: 0x00000240a59794a0


Dynamic libraries:
0x00007ff649f30000 - 0x00007ff649f40000 	C:\Program Files\Java\jdk-21.0.10\bin\java.exe
0x00007ffa99bc0000 - 0x00007ffa99e27000 	C:\WINDOWS\SYSTEM32\ntdll.dll
0x00007ffa985b0000 - 0x00007ffa98679000 	C:\WINDOWS\System32\KERNEL32.DLL
0x00007ffa97280000 - 0x00007ffa97677000 	C:\WINDOWS\System32\KERNELBASE.dll
0x00007ffa97680000 - 0x00007ffa977cb000 	C:\WINDOWS\System32\ucrtbase.dll
0x00007ffa87c00000 - 0x00007ffa87c1e000 	C:\Program Files\Java\jdk-21.0.10\bin\VCRUNTIME140.dll
0x00007ffa87390000 - 0x00007ffa873a9000 	C:\Program Files\Java\jdk-21.0.10\bin\jli.dll
0x00007ffa986c0000 - 0x00007ffa98776000 	C:\WINDOWS\System32\ADVAPI32.dll
0x00007ffa97ab0000 - 0x00007ffa97b59000 	C:\WINDOWS\System32\msvcrt.dll
0x00007ffa97be0000 - 0x00007ffa97c87000 	C:\WINDOWS\System32\sechost.dll
0x00007ffa99a60000 - 0x00007ffa99b78000 	C:\WINDOWS\System32\RPCRT4.dll
0x00007ffa99790000 - 0x00007ffa99956000 	C:\WINDOWS\System32\USER32.dll
0x00007ffa82b30000 - 0x00007ffa82dc2000 	C:\WINDOWS\WinSxS\amd64_microsoft.windows.common-controls_6595b64144ccf1df_6.0.26100.8457_none_3e0b2faee331e92d\COMCTL32.dll
0x00007ffa969e0000 - 0x00007ffa96a07000 	C:\WINDOWS\System32\win32u.dll
0x00007ffa97c90000 - 0x00007ffa97cbb000 	C:\WINDOWS\System32\GDI32.dll
0x00007ffa966a0000 - 0x00007ffa967cc000 	C:\WINDOWS\System32\gdi32full.dll
0x00007ffa977d0000 - 0x00007ffa97873000 	C:\WINDOWS\System32\msvcp_win.dll
0x00007ffa8e2e0000 - 0x00007ffa8e2eb000 	C:\WINDOWS\SYSTEM32\VERSION.dll
0x00007ffa98680000 - 0x00007ffa986b2000 	C:\WINDOWS\System32\IMM32.DLL
0x00007ffa89a20000 - 0x00007ffa89a2c000 	C:\Program Files\Java\jdk-21.0.10\bin\vcruntime140_1.dll
0x00007ffa6c510000 - 0x00007ffa6c59d000 	C:\Program Files\Java\jdk-21.0.10\bin\msvcp140.dll
0x00007ff9dcd80000 - 0x00007ff9ddaa7000 	C:\Program Files\Java\jdk-21.0.10\bin\server\jvm.dll
0x00007ffa984a0000 - 0x00007ffa98520000 	C:\WINDOWS\System32\WS2_32.dll
0x00007ffa96450000 - 0x00007ffa964ae000 	C:\WINDOWS\SYSTEM32\POWRPROF.dll
0x00007ffa819a0000 - 0x00007ffa819d6000 	C:\WINDOWS\SYSTEM32\WINMM.dll
0x00007ffa96430000 - 0x00007ffa96444000 	C:\WINDOWS\SYSTEM32\UMPDC.dll
0x00007ffa95360000 - 0x00007ffa9537b000 	C:\WINDOWS\SYSTEM32\kernel.appcore.dll
0x00007ffa87c30000 - 0x00007ffa87c3a000 	C:\Program Files\Java\jdk-21.0.10\bin\jimage.dll
0x00007ffa89d50000 - 0x00007ffa89f92000 	C:\WINDOWS\SYSTEM32\DBGHELP.DLL
0x00007ffa97f70000 - 0x00007ffa982f3000 	C:\WINDOWS\System32\combase.dll
0x00007ffa98960000 - 0x00007ffa98a39000 	C:\WINDOWS\System32\OLEAUT32.dll
0x00007ffa799d0000 - 0x00007ffa79a0b000 	C:\WINDOWS\SYSTEM32\dbgcore.DLL
0x00007ffa965f0000 - 0x00007ffa96698000 	C:\WINDOWS\System32\bcryptPrimitives.dll
0x00007ffa6c980000 - 0x00007ffa6c9bc000 	C:\Program Files\Java\jdk-21.0.10\bin\jdwp.dll
0x00007ffa87370000 - 0x00007ffa87380000 	C:\Program Files\Java\jdk-21.0.10\bin\instrument.dll
0x00007ffa80b00000 - 0x00007ffa80b21000 	C:\Program Files\Java\jdk-21.0.10\bin\java.dll
0x00007ffa7e780000 - 0x00007ffa7e798000 	C:\Program Files\Java\jdk-21.0.10\bin\zip.dll
0x00007ffa98a40000 - 0x00007ffa991ae000 	C:\WINDOWS\System32\SHELL32.dll
0x00007ffa96a10000 - 0x00007ffa9727c000 	C:\WINDOWS\System32\windows.storage.dll
0x00007ffa97dd0000 - 0x00007ffa97ec6000 	C:\WINDOWS\System32\SHCORE.dll
0x00007ffa97b70000 - 0x00007ffa97bd6000 	C:\WINDOWS\System32\shlwapi.dll
0x00007ffa96510000 - 0x00007ffa96539000 	C:\WINDOWS\SYSTEM32\profapi.dll
0x00007ffa38350000 - 0x00007ffa38427000 	C:\Program Files\Java\jdk-21.0.10\bin\jsvml.dll
0x00007ffa87360000 - 0x00007ffa8736c000 	C:\Program Files\Java\jdk-21.0.10\bin\dt_socket.dll
0x00007ffa94d40000 - 0x00007ffa94d72000 	C:\WINDOWS\SYSTEM32\IPHLPAPI.DLL
0x00007ffa958f0000 - 0x00007ffa9595c000 	C:\WINDOWS\system32\mswsock.dll
0x00007ffa815a0000 - 0x00007ffa815b1000 	C:\Program Files\Java\jdk-21.0.10\bin\net.dll
0x00007ffa8a870000 - 0x00007ffa8a999000 	C:\WINDOWS\SYSTEM32\WINHTTP.dll
0x00007ffa7fe10000 - 0x00007ffa7fe26000 	C:\Program Files\Java\jdk-21.0.10\bin\nio.dll
0x00007ffa7e770000 - 0x00007ffa7e780000 	C:\Program Files\Java\jdk-21.0.10\bin\verify.dll
0x00007ffa97940000 - 0x00007ffa9794a000 	C:\WINDOWS\System32\NSI.dll
0x00007ffa94e30000 - 0x00007ffa94f62000 	C:\WINDOWS\SYSTEM32\DNSAPI.dll
0x00007ffa84e00000 - 0x00007ffa84e0b000 	C:\Windows\System32\rasadhlp.dll
0x00007ffa89910000 - 0x00007ffa89996000 	C:\WINDOWS\System32\fwpuclnt.dll
0x00007ffa87c20000 - 0x00007ffa87c2e000 	C:\Program Files\Java\jdk-21.0.10\bin\sunmscapi.dll
0x00007ffa967d0000 - 0x00007ffa96948000 	C:\WINDOWS\System32\CRYPT32.dll
0x00007ffa95df0000 - 0x00007ffa95e20000 	C:\WINDOWS\SYSTEM32\ncrypt.dll
0x00007ffa95da0000 - 0x00007ffa95ddf000 	C:\WINDOWS\SYSTEM32\NTASN1.dll
0x00007ffa95bd0000 - 0x00007ffa95beb000 	C:\WINDOWS\SYSTEM32\CRYPTSP.dll
0x00007ffa952c0000 - 0x00007ffa952f9000 	C:\WINDOWS\system32\rsaenh.dll
0x00007ffa959a0000 - 0x00007ffa959d3000 	C:\WINDOWS\SYSTEM32\USERENV.dll
0x00007ffa964e0000 - 0x00007ffa9650a000 	C:\WINDOWS\SYSTEM32\bcrypt.dll
0x00007ffa95bf0000 - 0x00007ffa95bfc000 	C:\WINDOWS\SYSTEM32\CRYPTBASE.dll
0x00007ffa7d0f0000 - 0x00007ffa7d0fa000 	C:\Program Files\Java\jdk-21.0.10\bin\management.dll
0x00007ffa7d0b0000 - 0x00007ffa7d0bc000 	C:\Program Files\Java\jdk-21.0.10\bin\management_ext.dll
0x00007ffa97cc0000 - 0x00007ffa97cc8000 	C:\WINDOWS\System32\PSAPI.DLL

dbghelp: loaded successfully - version: 4.0.5 - missing functions: none
symbol engine: initialized successfully - sym options: 0x614 - pdb path: .;C:\Program Files\Java\jdk-21.0.10\bin;C:\WINDOWS\SYSTEM32;C:\WINDOWS\WinSxS\amd64_microsoft.windows.common-controls_6595b64144ccf1df_6.0.26100.8457_none_3e0b2faee331e92d;C:\Program Files\Java\jdk-21.0.10\bin\server

VM Arguments:
jvm_args: -agentlib:jdwp=transport=dt_socket,address=127.0.0.1:62376,suspend=y,server=n -javaagent:C:\Users\HP\AppData\Local\JetBrains\IdeaIC2025.1\captureAgent\debugger-agent.jar=file:///C:/Users/HP/AppData/Local/Temp/capture11445207982316415589.props -Dkotlinx.coroutines.debug.enable.creation.stack.trace=false -Ddebugger.agent.enable.coroutines=true -Dkotlinx.coroutines.debug.enable.flows.stack.trace=true -Dkotlinx.coroutines.debug.enable.mutable.state.flows.stack.trace=true -Dfile.encoding=UTF-8 -Dsun.stdout.encoding=UTF-8 -Dsun.stderr.encoding=UTF-8 
java_command: com.pranava.configserver.ConfigserverApplication
java_class_path (initial): E:\microservices\phase8\configserver\target\classes;C:\Users\HP\.m2\repository\org\springframework\boot\spring-boot-starter-actuator\3.5.14\spring-boot-starter-actuator-3.5.14.jar;C:\Users\HP\.m2\repository\org\springframework\boot\spring-boot-starter\3.5.14\spring-boot-starter-3.5.14.jar;C:\Users\HP\.m2\repository\org\springframework\boot\spring-boot\3.5.14\spring-boot-3.5.14.jar;C:\Users\HP\.m2\repository\org\springframework\spring-context\6.2.18\spring-context-6.2.18.jar;C:\Users\HP\.m2\repository\org\springframework\boot\spring-boot-autoconfigure\3.5.14\spring-boot-autoconfigure-3.5.14.jar;C:\Users\HP\.m2\repository\org\springframework\boot\spring-boot-starter-logging\3.5.14\spring-boot-starter-logging-3.5.14.jar;C:\Users\HP\.m2\repository\ch\qos\logback\logback-classic\1.5.32\logback-classic-1.5.32.jar;C:\Users\HP\.m2\repository\ch\qos\logback\logback-core\1.5.32\logback-core-1.5.32.jar;C:\Users\HP\.m2\repository\org\apache\logging\log4j\log4j-to-slf4j\2.24.3\log4j-to-slf4j-2.24.3.jar;C:\Users\HP\.m2\repository\org\apache\logging\log4j\log4j-api\2.24.3\log4j-api-2.24.3.jar;C:\Users\HP\.m2\repository\org\slf4j\jul-to-slf4j\2.0.17\jul-to-slf4j-2.0.17.jar;C:\Users\HP\.m2\repository\jakarta\annotation\jakarta.annotation-api\2.1.1\jakarta.annotation-api-2.1.1.jar;C:\Users\HP\.m2\repository\org\springframework\boot\spring-boot-actuator-autoconfigure\3.5.14\spring-boot-actuator-autoconfigure-3.5.14.jar;C:\Users\HP\.m2\repository\org\springframework\boot\spring-boot-actuator\3.5.14\spring-boot-actuator-3.5.14.jar;C:\Users\HP\.m2\repository\com\fasterxml\jackson\core\jackson-databind\2.21.2\jackson-databind-2.21.2.jar;C:\Users\HP\.m2\repository\com\fasterxml\jackson\datatype\jackson-datatype-jsr310\2.21.2\jackson-datatype-jsr310-2.21.2.jar;C:\Users\HP\.m2\repository\io\micrometer\micrometer-observation\1.15.11\micrometer-observation-1.15.11.jar;C:\Users\HP\.m2\repository\io\micrometer\micrometer-commons\1.15.11\micrometer-commons-1.15.11.jar;C:\Users\HP\.m2\repository\io\micrometer\micrometer-jakarta9\1.15.11\micrometer-jakarta9-1.15.11.jar;C:\Users\HP\.m2\repository\io\micrometer\micrometer-core\1.15.11\micrometer-core-1.15.11.jar;C:\Users\HP\.m2\repository\org\hdrhistogram\HdrHistogram\2.2.2\HdrHistogram-2.2.2.jar;C:\Users\HP\.m2\repository\org\latencyutils\LatencyUtils\2.0.3\LatencyUtils-2.0.3.jar;C:\Users\HP\.m2\repository\org\springframework\cloud\spring-cloud-config-server\4.3.2\spring-cloud-config-server-4.3.2.jar;C:\Users\HP\.m2\repository\org\springframework\cloud\spring-cloud-config-client\4.3.2\spring-cloud-config-client-4.3.2.jar;C:\Users\HP\.m2\repository\org\springframework\cloud\spring-cloud-starter\4.3.2\spring-cloud-starter-4.3.2.jar;C:\Users\HP\.m2\repository\org\springframework\cloud\spring-cloud-context\4.3.2\spring-cloud-context-4.3.2.jar;C:\Users\HP\.m2\repository\org\springframework\cloud\spring-cloud-commons\4.3.2\spring-cloud-commons-4.3.2.jar;C:\Users\HP\.m2\repository\org\bouncycastle\bcprov-jdk18on\1.80\bcprov-jdk18on-1.80.jar;C:\Users\HP\.m2\repository\org\springframework\spring-web\6.2.18\spring-web-6.2.18.jar;C:\Users\HP\.m2\repository\org\springframework\spring-beans\6.2.18\spring-beans-6.2.18.jar;C:\Users\HP\.m2\repository\com\fasterxml\jackson\core\jackson-annotations\2.21\jackson-annotations-2.21.jar;C:\Users\HP\.m2\repository\org\springframework\boot\spring-boot-starter-web\3.5.14\spring-boot-starter-web-3.5.14.jar;C:\Users\HP\.m2\repository\org\springframework\boot\spring-boot-starter-json\3.5.14\spring-boot-starter-json-3.5.14.jar;C:\Users\HP\.m2\repository\com\fasterxml\jackson\datatype\jackson-datatype-jdk8\2.21.2\jackson-datatype-jdk8-2.21.2.jar;C:\Users\HP\.m2\repository\com\fasterxml\jackson\module\jackson-module-parameter-names\2.21.2\jackson-module-parameter-names-2.21.2.jar;C:\Users\HP\.m2\repository\org\springframework\boot\spring-boot-starter-tomcat\3.5.14\spring-boot-starter-tomcat-3.5.14.jar;C:\Users\HP\.m2\repository\org\apache\tomcat\embed\tomcat-embed-core\10.1.54\tomcat-embed-core-10.1.54.jar;C:\Users\HP\.m2\repository\org\apache\tomcat\embed\tomcat-embed-websocket\10.1.54\tomcat-embed-websocket-10.1.54.jar;C:\Users\HP\.m2\repository\org\springframework\spring-webmvc\6.2.18\spring-webmvc-6.2.18.jar;C:\Users\HP\.m2\repository\org\springframework\spring-aop\6.2.18\spring-aop-6.2.18.jar;C:\Users\HP\.m2\repository\org\springframework\spring-expression\6.2.18\spring-expression-6.2.18.jar;C:\Users\HP\.m2\repository\org\springframework\boot\spring-boot-starter-validation\3.5.14\spring-boot-starter-validation-3.5.14.jar;C:\Users\HP\.m2\repository\org\apache\tomcat\embed\tomcat-embed-el\10.1.54\tomcat-embed-el-10.1.54.jar;C:\Users\HP\.m2\repository\org\hibernate\validator\hibernate-validator\8.0.3.Final\hibernate-validator-8.0.3.Final.jar;C:\Users\HP\.m2\repository\jakarta\validation\jakarta.validation-api\3.0.2\jakarta.validation-api-3.0.2.jar;C:\Users\HP\.m2\repository\org\jboss\logging\jboss-logging\3.6.3.Final\jboss-logging-3.6.3.Final.jar;C:\Users\HP\.m2\repository\com\fasterxml\classmate\1.7.3\classmate-1.7.3.jar;C:\Users\HP\.m2\repository\org\springframework\security\spring-security-crypto\6.5.10\spring-security-crypto-6.5.10.jar;C:\Users\HP\.m2\repository\org\apache\httpcomponents\client5\httpclient5\5.5.2\httpclient5-5.5.2.jar;C:\Users\HP\.m2\repository\org\apache\httpcomponents\core5\httpcore5\5.3.6\httpcore5-5.3.6.jar;C:\Users\HP\.m2\repository\org\apache\httpcomponents\core5\httpcore5-h2\5.3.6\httpcore5-h2-5.3.6.jar;C:\Users\HP\.m2\repository\org\slf4j\slf4j-api\2.0.17\slf4j-api-2.0.17.jar;C:\Users\HP\.m2\repository\org\eclipse\jgit\org.eclipse.jgit\6.10.1.202505221210-r\org.eclipse.jgit-6.10.1.202505221210-r.jar;C:\Users\HP\.m2\repository\com\googlecode\javaewah\JavaEWAH\1.2.3\JavaEWAH-1.2.3.jar;C:\Users\HP\.m2\repository\commons-codec\commons-codec\1.18.0\commons-codec-1.18.0.jar;C:\Users\HP\.m2\repository\org\eclipse\jgit\org.eclipse.jgit.http.apache\6.10.1.202505221210-r\org.eclipse.jgit.http.apache-6.10.1.202505221210-r.jar;C:\Users\HP\.m2\repository\org\apache\httpcomponents\httpclient\4.5.14\httpclient-4.5.14.jar;C:\Users\HP\.m2\repository\commons-logging\commons-logging\1.2\commons-logging-1.2.jar;C:\Users\HP\.m2\repository\org\apache\httpcomponents\httpcore\4.4.16\httpcore-4.4.16.jar;C:\Users\HP\.m2\repository\org\eclipse\jgit\org.eclipse.jgit.ssh.apache\6.10.1.202505221210-r\org.eclipse.jgit.ssh.apache-6.10.1.202505221210-r.jar;C:\Users\HP\.m2\repository\org\apache\sshd\sshd-osgi\2.14.0\sshd-osgi-2.14.0.jar;C:\Users\HP\.m2\repository\org\slf4j\jcl-over-slf4j\2.0.17\jcl-over-slf4j-2.0.17.jar;C:\Users\HP\.m2\repository\org\apache\sshd\sshd-sftp\2.14.0\sshd-sftp-2.14.0.jar;C:\Users\HP\.m2\repository\net\i2p\crypto\eddsa\0.3.0\eddsa-0.3.0.jar;C:\Users\HP\.m2\repository\org\yaml\snakeyaml\2.4\snakeyaml-2.4.jar;C:\Users\HP\.m2\repository\com\fasterxml\jackson\dataformat\jackson-dataformat-yaml\2.21.2\jackson-dataformat-yaml-2.21.2.jar;C:\Users\HP\.m2\repository\com\fasterxml\jackson\core\jackson-core\2.21.2\jackson-core-2.21.2.jar;C:\Users\HP\.m2\repository\org\springframework\spring-core\6.2.18\spring-core-6.2.18.jar;C:\Users\HP\.m2\repository\org\springframework\spring-jcl\6.2.18\spring-jcl-6.2.18.jar;C:\Program Files\JetBrains\IntelliJ IDEA Community Edition 2025.1\lib\idea_rt.jar
Launcher Type: SUN_STANDARD

[Global flags]
     intx CICompilerCount                          = 4                                         {product} {ergonomic}
     uint ConcGCThreads                            = 2                                         {product} {ergonomic}
     uint G1ConcRefinementThreads                  = 8                                         {product} {ergonomic}
   size_t G1HeapRegionSize                         = 1048576                                   {product} {ergonomic}
    uintx GCDrainStackTargetSize                   = 64                                        {product} {ergonomic}
   size_t InitialHeapSize                          = 134217728                                 {product} {ergonomic}
   size_t MarkStackSize                            = 4194304                                   {product} {ergonomic}
   size_t MaxHeapSize                              = 2118123520                                {product} {ergonomic}
   size_t MaxNewSize                               = 1270874112                                {product} {ergonomic}
   size_t MinHeapDeltaBytes                        = 1048576                                   {product} {ergonomic}
   size_t MinHeapSize                              = 8388608                                   {product} {ergonomic}
    uintx NonNMethodCodeHeapSize                   = 5839372                                {pd product} {ergonomic}
    uintx NonProfiledCodeHeapSize                  = 122909434                              {pd product} {ergonomic}
    uintx ProfiledCodeHeapSize                     = 122909434                              {pd product} {ergonomic}
    uintx ReservedCodeCacheSize                    = 251658240                              {pd product} {ergonomic}
     bool SegmentedCodeCache                       = true                                      {product} {ergonomic}
   size_t SoftMaxHeapSize                          = 2118123520                             {manageable} {ergonomic}
     bool UseCompressedOops                        = true                           {product lp64_product} {ergonomic}
     bool UseG1GC                                  = true                                      {product} {ergonomic}
     bool UseLargePagesIndividualAllocation        = false                                  {pd product} {ergonomic}

Logging:
Log output configuration:
 #0: stdout all=warning uptime,level,tags foldmultilines=false
 #1: stderr all=off uptime,level,tags foldmultilines=false

Environment Variables:
JAVA_HOME=C:\Program Files\Java\jdk-21.0.10
PATH=C:\Python314\Scripts\;C:\Python314\;C:\Program Files\Common Files\Oracle\Java\javapath;C:\WINDOWS\system32;C:\WINDOWS;C:\WINDOWS\System32\Wbem;C:\WINDOWS\System32\WindowsPowerShell\v1.0\;C:\WINDOWS\System32\OpenSSH\;C:\Program Files\Java\jdk-21.0.10\bin;C:\Program Files\MySQL\MySQL Server 8.0\bin;C:\Users\HP\AppData\Roaming\nvm;C:\Program Files\nodejs;C:\Users\HP\AppData\Local\Programs\Python\Python313;C:\Users\HP\AppData\Local\Programs\Python\Python313\Scripts;C:\Program Files\dotnet\;C:\Program Files (x86)\Windows Kits\10\Windows Performance Toolkit\;C:\Users\HP\AppData\Local\Programs\Python\Python311\Scripts\;C:\Users\HP\AppData\Local\Programs\Python\Python311\;C:\Program Files\Git\cmd;C:\Program Files\apache-maven-3.9.16\bin;C:\Program Files\nodejs\;C:\ProgramData\chocolatey\bin;C:\Program Files\Docker\Docker\resources\bin;C:\Users\HP\AppData\Local\Programs\Python\Python311\Scripts\;C:\Users\HP\AppData\Local\Programs\Python\Python311\;C:\Users\HP\AppData\Local\Programs\Python\Launcher\;C:\Users\HP\AppData\Local\Microsoft\WindowsApps;C:\Users\HP\AppData\Roaming\nvm;C:\Program Files\nodejs;C:\Users\HP\AppData\Local\Programs\Microsoft VS Code\bin;C:\Users\HP\AppData\Local\Microsoft\WinGet\Packages\Schniz.fnm_Microsoft.Winget.Source_8wekyb3d8bbwe;C:\Users\HP\AppData\Local\gitkraken\bin;C:\Program Files\PostgreSQL\18\bin;C:\intelFPGA_lite\20.1\modelsim_ase\win32aloem;C:\Users\HP\AppData\Roaming\npm
USERNAME=HP
OS=Windows_NT
PROCESSOR_IDENTIFIER=Intel64 Family 6 Model 142 Stepping 10, GenuineIntel
TMP=C:\Users\HP\AppData\Local\Temp
TEMP=C:\Users\HP\AppData\Local\Temp




Periodic native trim disabled

---------------  S Y S T E M  ---------------

OS:
 Windows 11 , 64 bit Build 26100 (10.0.26100.8328)
OS uptime: 5 days 7:58 hours
Hyper-V role detected

CPU: total 8 (initial active 8) (4 cores per cpu, 2 threads per core) family 6 model 142 stepping 10 microcode 0xe0, cx8, cmov, fxsr, ht, mmx, 3dnowpref, sse, sse2, sse3, ssse3, sse4.1, sse4.2, popcnt, lzcnt, tsc, tscinvbit, avx, avx2, aes, erms, clmul, bmi1, bmi2, adx, fma, vzeroupper, clflush, clflushopt, hv, rdtscp, f16c
Processor Information for all 8 processors :
  Max Mhz: 1800, Current Mhz: 1600, Mhz Limit: 1584

Memory: 4k page, system-wide physical 8078M (622M free)
TotalPageFile size 32654M (AvailPageFile size 0M)
current process WorkingSet (physical memory assigned to process): 265M, peak: 272M
current process commit charge ("private bytes"): 302M, peak: 307M

vm_info: Java HotSpot(TM) 64-Bit Server VM (21.0.10+8-LTS-217) for windows-amd64 JRE (21.0.10+8-LTS-217), built on 2025-12-18T14:59:28Z by "mach5run" with MS VC++ 17.13 (VS2022)

END.
